[0mPOST /api/v1/auths/signup [33m404[0m 487.085 ms - 96[0m
[0mPOST /api/v1/auths/signup [33m404[0m 470.733 ms - 96[0m
[0mPOST /api/v1/auths/signup [32m201[0m 575.251 ms - 489[0m
[0mPOST /api/v1/auths/signin [33m400[0m 487.769 ms - 89[0m
[0mPOST /api/v1/auths/signup [33m404[0m 457.221 ms - 96[0m
[0mPOST /api/v1/auths/signin [32m200[0m 437.501 ms - 404[0m
<<<<<<< HEAD
[0mPOST /api/v1/auths/signup [33m404[0m 467.629 ms - 96[0m
[0mPOST /api/v1/auths/signup [33m404[0m 21339.146 ms - 72[0m
[0mPOST /api/v1/auths/signup [32m201[0m 12248.495 ms - 489[0m
[0mPOST /api/v1/auths/signin [32m200[0m 437.717 ms - 408[0m
[0mPOST /api/v1/auths/signup [32m201[0m 534.838 ms - 483[0m
[0mGET /api/v1/users [32m200[0m 328.167 ms - 258[0m
[0mPOST /api/v1/products [33m400[0m 175.816 ms - 159[0m
[0mPOST /api/v1/products [33m400[0m 180.166 ms - 123[0m
[0mPOST /api/v1/products [32m200[0m 1018.928 ms - 251[0m
[0mGET /api/v1/products [32m200[0m 211.299 ms - 221[0m
[0mGET /api/v1/6345d535f43ce92d4db911ce [33m404[0m 3.700 ms - 170[0m
[0mGET /api/v1/products/6345d535f43ce92d4db911ce [32m200[0m 1635.397 ms - 211[0m
[0mPUT /api/v1/products/6345d535f43ce92d4db911ce [32m200[0m 548.678 ms - 211[0m
[0mGET /api/v1/products/6345d535f43ce92d4db911ce [32m200[0m 184.665 ms - 211[0m
[0mGET /api/v1/products [32m200[0m 161.142 ms - 221[0m
[0mDELETE /api/v1/products/6345d535f43ce92d4db911ce [33m403[0m 0.710 ms - 27[0m
[0mDELETE /api/v1/products/6345d535f43ce92d4db911ce [33m403[0m 0.668 ms - 27[0m
[0mDELETE /api/v1/products/6345d535f43ce92d4db911ce [33m400[0m 241.253 ms - 94[0m
[0mDELETE /api/v1/products/6345d535f43ce92d4db911ce [33m404[0m 376.307 ms - 54[0m
[0mDELETE /api/v1/products/6345d535f43ce92d4db911ce [33m404[0m 1636.010 ms - 54[0m
[0mDELETE /api/v1/products/6345d535f43ce92d4db911ce [33m400[0m 216.829 ms - 94[0m
[0mDELETE /api/v1/products/6345d535f43ce92d4db911ce [33m404[0m 425.160 ms - 54[0m
[0mDELETE /api/v1/products/6345d535f43ce92d4db911ce [33m404[0m 1163.756 ms - 54[0m
[0mDELETE /api/v1/products/?id=6345d535f43ce92d4db911ce [33m404[0m 5.765 ms - 158[0m
[0mDELETE /api/v1/products/6345d535f43ce92d4db911ce [33m404[0m 352.040 ms - 54[0m
[0mDELETE /api/v1/products/6345d535f43ce92d4db911ce [32m201[0m 416.650 ms - 56[0m
[0mDELETE /api/v1/products/6345d535f43ce92d4db911ce [33m404[0m 758.324 ms - 54[0m
[0mGET /api/v1/products [32m200[0m 195.066 ms - 50[0m
[0mGET /api/v1/products/6345d535f43ce92d4db911ce [32m200[0m 159.545 ms - 44[0m
[0mGET /api/v1/products/6345d535f43ce92d4db911ce [32m200[0m 568.416 ms - 44[0m
=======
[0mPOST /api/v1/auths/signin [32m200[0m 438.736 ms - 404[0m
[0mPOST /api/v1/auths/signin [33m401[0m 322.225 ms - 55[0m
[0mPOST /api/v1/auths/signin [33m401[0m 400.626 ms - 55[0m
[0mPOST /api/v1/auths/signin [32m200[0m 391.140 ms - 404[0m
[0mPOST /api/v1/auths/signin [32m200[0m 1760.890 ms - 404[0m
[0mPUT /api/v1/auths/ [32m200[0m 542.212 ms - 192[0m
[0mPOST /api/v1/auths/ [32m200[0m 593.328 ms - 58[0m
[0mPOST /api/v1/auths/signin [33m401[0m 416.759 ms - 55[0m
[0mPOST /api/v1/auths/signin [32m200[0m 529.535 ms - 404[0m
>>>>>>> 094cd938a91cd47d141af2781d4b95eac084d54c
[0mGET /api/v1/users [33m404[0m 10.272 ms - 151[0m
[0mGET /api/v1/users [33m404[0m 2.289 ms - 151[0m
[0mGET /api/v1/users/ [33m404[0m 0.724 ms - 152[0m
[0mPOST /api/v1/auths/signin [32m200[0m 334.602 ms - 408[0m
[0mGET /api/v1/users [33m404[0m 3.142 ms - 151[0m
[0mPOST /api/v1/auths/signup [33m404[0m 462.084 ms - 96[0m
[0mPOST /api/v1/auths/signin [32m200[0m 532.131 ms - 408[0m
[0mGET /api/v1/users [33m403[0m 1.510 ms - 27[0m
[0mGET /api/v1/users [32m200[0m 421.446 ms - 258[0m
[0mGET /api/v1/users [33m404[0m 7.984 ms - 151[0m
[0mPOST /api/v1/auths/signin [32m200[0m 586.027 ms - 408[0m
[0mGET /api/v1/users [32m200[0m 364.790 ms - 258[0m
[0mPOST /api/v1/auths/signin [32m200[0m 422.593 ms - 408[0m
[0mPOST /api/v1/auths/signin [32m200[0m 312.299 ms - 408[0m
[0mPOST /api/v1/auths/signin [32m200[0m 312.461 ms - 408[0m
[0mGET /api/v1/users [32m200[0m 362.776 ms - 258[0m
[0mGET /api/v1/users [32m200[0m 332.504 ms - 258[0m
[0mGET /api/v1/users [32m200[0m 327.996 ms - 258[0m
[0mGET /api/v1/users [32m200[0m 325.582 ms - 258[0m
[0mGET /api/v1/users/6345d373f43ce92d4db911bb [32m200[0m 347.144 ms - 133[0m
[0mGET /api/v1/users/6345d373f43ce92d4db911bb [32m200[0m 387.005 ms - 133[0m
[0mDELETE /api/v1/users/6334375f5a8d9cd9aea20760 [33m404[0m 320.157 ms - 54[0m
[0mGET /api/v1/products [33m404[0m 4.412 ms - 154[0m
[0mGET /api/v1/products [33m404[0m 0.682 ms - 154[0m
[0mPOST /api/v1/auths/signin [32m200[0m 412.882 ms - 408[0m
[0mPOST /api/v1/auths/signin [32m200[0m 352.671 ms - 408[0m
[0mPOST /api/v1/auths/signin [32m200[0m 352.790 ms - 408[0m
[0mGET /api/v1/users [32m200[0m 331.641 ms - 258[0m
[0mGET /api/v1/users/6345d373f43ce92d4db911bb [32m200[0m 320.694 ms - 133[0m
[0mGET /api/v1/users [32m200[0m 305.323 ms - 258[0m
[0mPOST /api/v1/products [33m401[0m 159.297 ms - 47[0m
[0mPOST /api/v1/auths/signin [32m200[0m 332.508 ms - 402[0m
[0mPOST /api/v1/products [32m200[0m 364.471 ms - 251[0m
[0mGET /api/v1/products [32m200[0m 151.887 ms - 221[0m
[0mGET /api/v1/products/6347ef19dfe52c39eb69e5ca [32m200[0m 155.488 ms - 211[0m
[0mPUT /api/v1/products/6347ef19dfe52c39eb69e5ca [32m200[0m 502.351 ms - 211[0m
[0mPUT /api/v1/products/6347ef19dfe52c39eb69e5ca [32m200[0m 451.927 ms - 211[0m
[0mGET /api/v1/products [32m200[0m 155.634 ms - 221[0m
[0mGET /api/v1/users [32m200[0m 376.537 ms - 258[0m
[0mPOST /api/v1/auths/signin [32m200[0m 349.748 ms - 408[0m
[0mGET /api/v1/carts [33m404[0m 6.343 ms - 151[0m
[0mPOST /api/v1/carts [31m500[0m 387.722 ms - 20[0m
[0mPOST /api/v1/carts [33m404[0m 481.765 ms - 47[0m
[0mGET /api/v1/products [32m200[0m 155.173 ms - 221[0m
[0mPOST /api/v1/carts [33m404[0m 463.664 ms - 47[0m
[0mPOST /api/v1/carts [33m404[0m 557.109 ms - 47[0m
[0mPOST /api/v1/carts [31m500[0m 957.542 ms - 20[0m
[0mPOST /api/v1/carts [32m201[0m 628.802 ms - 292[0m
[0mPOST /api/v1/carts [33m404[0m 919.421 ms - 47[0m
[0mPOST /api/v1/carts [33m404[0m 365.475 ms - 47[0m
[0mPOST /api/v1/carts [32m201[0m 532.872 ms - 292[0m
[0mPOST /api/v1/carts [33m403[0m 0.698 ms - 27[0m
[0mPOST /api/v1/auths/signin [32m200[0m 350.572 ms - 408[0m
[0mPOST /api/v1/carts [33m404[0m 336.403 ms - 47[0m
[0mPOST /api/v1/carts [33m404[0m 330.334 ms - 47[0m
[0mPOST /api/v1/orders [32m201[0m 485.211 ms - 191[0m
[0mGET /api/v1/orders/checkout [32m200[0m 437.208 ms - 194[0m
[0mPOST /api/v1/auths/signin [32m200[0m 289.476 ms - 408[0m
[0mGET /api/v1/orders/checkout [32m200[0m 339.326 ms - 194[0m
[0mPOST /api/v1/orders/checkout [33m400[0m 8562.923 ms - 15[0m
[0mPOST /api/v1/orders/checkout [33m400[0m 21480.096 ms - 15[0m
[0mPOST /api/v1/orders/checkout [33m400[0m 5101.328 ms - 15[0m
[0mPOST /api/v1/carts [32m201[0m 869.227 ms - 292[0m
[0mPOST /api/v1/orders/checkout [33m400[0m 5482.734 ms - 15[0m
[0mPOST /api/v1/orders/checkout [33m400[0m 205.248 ms - 15[0m
[0mPOST /api/v1/orders/checkout [33m400[0m 159.554 ms - 15[0m
[0mPOST /api/v1/orders/checkout [33m400[0m 231.927 ms - 15[0m
[0mPOST /api/v1/orders/checkout [33m400[0m 230.603 ms - 15[0m
[0mPOST /api/v1/orders/checkout [33m400[0m 194.272 ms - 15[0m
[0mPOST /api/v1/carts [32m201[0m 657.888 ms - 292[0m
[0mPOST /api/v1/orders/checkout [33m400[0m 326.580 ms - 15[0m
[0mPOST /api/v1/orders/checkout [33m400[0m 397.863 ms - 15[0m
[0mPOST /api/v1/orders/checkout [33m400[0m 418.161 ms - 15[0m
[0mPOST /api/v1/orders/checkout [33m400[0m 22809.181 ms - 15[0m
[0mPOST /api/v1/orders/checkout [33m400[0m 6468.572 ms - 15[0m
[0mPOST /api/v1/orders/checkout [33m400[0m 8597.730 ms - 2[0m
[0mPOST /api/v1/orders/checkout [33m400[0m 24460.859 ms - 0[0m
[0mPOST /api/v1/orders/checkout [33m400[0m 5646.057 ms - 0[0m
[0mPOST /api/v1/orders/checkout [33m400[0m 1338.218 ms - 0[0m
[0mPOST /api/v1/orders/checkout [33m400[0m 5791.889 ms - 2[0m
[0mPOST /api/v1/orders/checkout [33m400[0m 2101.781 ms - 2[0m
[0mGET /api/v1/users [32m200[0m 350.776 ms - 258[0m
[0mPOST /api/v1/orders/checkout [33m400[0m 15557.385 ms - 2[0m
[0mPOST /api/v1/orders/checkout [33m400[0m 7387.648 ms - 2[0m
[0mPOST /api/v1/orders/checkout [33m400[0m 1727.496 ms - 2[0m
[0mPOST /api/v1/orders/checkout [33m400[0m 4908.779 ms - 2[0m
[0mPOST /api/v1/orders/checkout [33m400[0m 6187.154 ms - 2[0m
[0mPOST /api/v1/orders/checkout [33m400[0m 5373.308 ms - 2[0m
[0mPOST /api/v1/orders/checkout [33m400[0m 4725.391 ms - 2[0m
[0mPOST /api/v1/orders/checkout [33m400[0m 1716.200 ms - 2[0m
[0mPOST /api/v1/orders/checkout [33m400[0m 5766.543 ms - 2[0m
[0mPOST /api/v1/orders/checkout [33m400[0m 1435.980 ms - 2[0m
[0mPOST /api/v1/orders/checkout [33m400[0m 6043.401 ms - 2[0m
[0mPOST /api/v1/orders/checkout [33m400[0m 1522.884 ms - 2[0m
[0mPOST /api/v1/orders/checkout [32m201[0m 6633.184 ms - 154[0m
[0mPOST /api/v1/orders/checkout [33m400[0m 382.322 ms - 14[0m
[0mPOST /api/v1/carts [32m201[0m 543.173 ms - 292[0m
[0mPOST /api/v1/orders/checkout [32m201[0m 5107.570 ms - 142[0m
[0mPOST /api/v1/orders/checkout [33m400[0m 373.981 ms - 14[0m
[0mPOST /api/v1/carts [32m201[0m 557.138 ms - 292[0m
[0mPOST /api/v1/orders/checkout [32m201[0m 5218.358 ms - 142[0m
[0mPOST /api/v1/carts [32m201[0m 550.922 ms - 292[0m
[0mPOST /api/v1/orders/checkout [33m400[0m 1292.891 ms - 2[0m
[0mPOST /api/v1/orders/checkout [32m201[0m 5501.579 ms - 402[0m
[0mPOST /api/v1/carts [32m201[0m 559.210 ms - 292[0m
[0mPOST /api/v1/orders/checkout [33m400[0m 5011.009 ms - 2[0m
[0mPOST /api/v1/orders/checkout [33m400[0m 1495.683 ms - 2[0m
[0mPOST /api/v1/orders/checkout [32m201[0m 5517.726 ms - 422[0m
[0mGET /api/v1/orders [33m403[0m 5.356 ms - 27[0m
[0mGET /api/v1/orders [32m200[0m 598.458 ms - 372[0m
[0mPOST /api/v1/carts [32m201[0m 619.793 ms - 292[0m
[0mPOST /api/v1/orders/checkout [32m201[0m 5916.471 ms - 422[0m
[0mGET /api/v1/orders [32m200[0m 584.186 ms - 500[0m
[0mPOST /api/v1/carts [32m201[0m 593.661 ms - 292[0m
[0mGET /api/v1/orders [32m200[0m 560.466 ms - 500[0m
[0mPOST /api/v1/carts [32m201[0m 586.340 ms - 292[0m
[0mPOST /api/v1/orders/checkout [32m201[0m 6050.747 ms - 422[0m
[0mGET /api/v1/orders [32m200[0m 525.611 ms - 628[0m
[0mPOST /api/v1/carts [32m201[0m 1774.500 ms - 292[0m
[0mPOST /api/v1/orders/checkout [32m201[0m 5162.164 ms - 422[0m
[0mGET /api/v1/orders [32m200[0m 526.483 ms - 296[0m
[0mPOST /api/v1/carts [32m201[0m 624.769 ms - 292[0m
[0mPOST /api/v1/orders/checkout [33m400[0m 1325.739 ms - 2[0m
[0mPOST /api/v1/carts [32m201[0m 629.782 ms - 292[0m
[0mPOST /api/v1/orders/checkout [32m201[0m 5404.872 ms - 422[0m
[0mGET /api/v1/orders [32m200[0m 526.944 ms - 180[0m
[0mPOST /api/v1/carts [32m201[0m 628.498 ms - 292[0m
[0mPOST /api/v1/orders/checkout [32m201[0m 5519.470 ms - 422[0m
[0mGET /api/v1/orders [32m200[0m 730.680 ms - 308[0m
[0mPOST /api/v1/carts [32m201[0m 559.790 ms - 292[0m
[0mPOST /api/v1/orders/checkout [32m201[0m 4964.767 ms - 422[0m
[0mGET /api/v1/orders [32m200[0m 524.589 ms - 480[0m
[0mGET /api/v1/orders [32m200[0m 387.282 ms - 53[0m
[0mPOST /api/v1/carts [32m201[0m 545.411 ms - 292[0m
[0mPOST /api/v1/orders/checkout [32m201[0m 4706.750 ms - 198[0m
[0mPOST /api/v1/carts [32m201[0m 567.430 ms - 292[0m
[0mPOST /api/v1/orders/checkout [33m400[0m 5024.672 ms - 1034[0m
[0mPOST /api/v1/carts [32m201[0m 544.914 ms - 292[0m
[0mPOST /api/v1/orders/checkout [33m400[0m 1298.298 ms - 2[0m
[0mPOST /api/v1/carts [32m201[0m 618.735 ms - 292[0m
[0mPOST /api/v1/orders/checkout [33m400[0m 4624.842 ms - 1547[0m
[0mPOST /api/v1/carts [32m201[0m 536.954 ms - 292[0m
[0mPOST /api/v1/orders/checkout [33m400[0m 4607.571 ms - 1547[0m
[0mPOST /api/v1/carts [32m201[0m 541.892 ms - 292[0m
[0mPOST /api/v1/orders/checkout [33m400[0m 4581.061 ms - 1547[0m
[0mPOST /api/v1/carts [32m201[0m 1445.701 ms - 292[0m
[0mPOST /api/v1/orders/checkout [33m400[0m 11597.023 ms - 1547[0m
[0mPOST /api/v1/carts [32m201[0m 615.092 ms - 292[0m
[0mPOST /api/v1/orders/checkout [33m400[0m 1519.937 ms - 2[0m
[0mPOST /api/v1/carts [32m201[0m 593.211 ms - 292[0m
[0mPOST /api/v1/orders/checkout [33m400[0m 1290.397 ms - 2[0m
[0mPOST /api/v1/carts [32m201[0m 935.527 ms - 292[0m
[0mPOST /api/v1/orders/checkout [33m400[0m 5590.138 ms - 2[0m
[0mPOST /api/v1/carts [32m201[0m 614.642 ms - 292[0m
[0mPOST /api/v1/orders/checkout [33m400[0m 1417.004 ms - 2[0m
[0mPOST /api/v1/carts [32m201[0m 768.427 ms - 292[0m
[0mPOST /api/v1/orders/checkout [32m201[0m 6022.691 ms - 198[0m
[0mPOST /api/v1/carts [32m201[0m 891.741 ms - 292[0m
[0mPOST /api/v1/orders/checkout [32m201[0m 5617.633 ms - 220[0m
[0mGET /api/v1/products/63489528b5c0cb09e77b2b44 [32m200[0m 266.557 ms - 44[0m
[0mGET /api/v1/products [32m200[0m 149.868 ms - 221[0m
[0mPOST /api/v1/carts [32m201[0m 480.920 ms - 292[0m
[0mPOST /api/v1/orders/checkout [32m201[0m 6073.646 ms - 220[0m
[0mPOST /api/v1/carts [32m201[0m 677.486 ms - 292[0m
[0mPOST /api/v1/orders/checkout [32m201[0m 6316.541 ms - 220[0m
[0mPOST /api/v1/carts [32m201[0m 1062.998 ms - 292[0m
[0mPOST /api/v1/orders/checkout [32m201[0m 7098.448 ms - 220[0m
[0mPOST /api/v1/carts [32m201[0m 613.640 ms - 292[0m
[0mPOST /api/v1/orders/checkout [32m201[0m 5956.005 ms - 220[0m
[0mPOST /api/v1/carts [32m201[0m 568.670 ms - 292[0m
[0mPOST /api/v1/orders/checkout [32m201[0m 5274.528 ms - 286[0m
[0mPOST /api/v1/carts [33m404[0m 390.512 ms - 47[0m
[0mGET /api/v1/products [32m200[0m 172.578 ms - 221[0m
[0mPOST /api/v1/carts [33m404[0m 881.765 ms - 47[0m
[0mPOST /api/v1/carts [33m404[0m 568.976 ms - 47[0m
[0mPOST /api/v1/carts [33m404[0m 362.361 ms - 47[0m
[0mPOST /api/v1/carts [33m404[0m 1012.786 ms - 47[0m
[0mPOST /api/v1/carts [31m500[0m 454.997 ms - 20[0m
[0mPOST /api/v1/carts [31m500[0m 998.768 ms - 20[0m
[0mPOST /api/v1/carts [31m500[0m 596.415 ms - 20[0m
[0mPOST /api/v1/carts [32m201[0m 1502.750 ms - 340[0m
[0mPOST /api/v1/orders/checkout [32m201[0m 5748.348 ms - 206[0m
[0mPOST /api/v1/carts [32m201[0m 894.592 ms - 340[0m
[0mPOST /api/v1/orders/checkout [32m201[0m 8775.407 ms - 334[0m
[0mPOST /api/v1/carts [32m201[0m 1668.240 ms - 340[0m
[0mPOST /api/v1/carts [32m200[0m 795.875 ms - 377[0m
[0mGET /api/v1/carts [33m404[0m 2.773 ms - 151[0m
[0mGET /api/v1/carts [31m500[0m 383.859 ms - 0[0m
[0mGET /api/v1/carts [31m500[0m 329.921 ms - 0[0m
[0mGET /api/v1/carts [31m500[0m 2062.685 ms - 0[0m
[0mGET /api/v1/carts [31m500[0m 385.473 ms - 0[0m
[0mGET /api/v1/carts [32m200[0m 376.939 ms - 353[0m
[0mPOST /api/v1/carts [32m200[0m 948.591 ms - 377[0m
[0mGET /api/v1/carts [32m200[0m 324.840 ms - 353[0m
[0mPATCH /api/v1/carts/6349b230f7fc5e9917850387 [0m-[0m - ms - -[0m
[0mPATCH /api/v1/carts/6349b230f7fc5e9917850387 [32m200[0m 691.607 ms - 378[0m
[0mGET /api/v1/carts [32m200[0m 431.336 ms - 354[0m
[0mPATCH /api/v1/carts/6349b230f7fc5e9917850387 [32m200[0m 894.362 ms - 378[0m
[0mPATCH /api/v1/carts/6349b230f7fc5e9917850387 [32m200[0m 7193.472 ms - 378[0m
[0mPATCH /api/v1/carts/6349b230f7fc5e9917850387 [32m200[0m 946.141 ms - 378[0m
[0mPATCH /api/v1/carts/6349b230f7fc5e9917850387 [32m200[0m 920.241 ms - 378[0m
[0mPOST /api/v1/carts [32m201[0m 727.505 ms - 340[0m
[0mGET /api/v1/carts [32m200[0m 346.072 ms - 353[0m
[0mPATCH /api/v1/carts/634a7f06e4953616bac4f099 [33m404[0m 464.656 ms - 68[0m
[0mPATCH /api/v1/carts/634a7f06e4953616bac4f099 [33m404[0m 690.427 ms - 68[0m
[0mPATCH /api/v1/carts/634a7f06e4953616bac4f099 [33m404[0m 507.925 ms - 68[0m
[0mPATCH /api/v1/carts/634a7f06e4953616bac4f099 [33m404[0m 526.210 ms - 68[0m
[0mPATCH /api/v1/carts/634a7f06e4953616bac4f099 [31m500[0m 382.120 ms - 20[0m
[0mPATCH /api/v1/carts/634a7f06e4953616bac4f099 [33m404[0m 681.394 ms - 68[0m
[0mPATCH /api/v1/carts/634a7f06e4953616bac4f099 [33m404[0m 520.984 ms - 68[0m
[0mPATCH /api/v1/carts/634a7f06e4953616bac4f099 [31m500[0m 393.631 ms - 20[0m
[0mPATCH /api/v1/carts/634a7f06e4953616bac4f099 [33m404[0m 505.718 ms - 68[0m
[0mPATCH /api/v1/carts/634a7f06e4953616bac4f099 [32m200[0m 736.296 ms - 415[0m
[0mPATCH /api/v1/carts/634a7f06e4953616bac4f099 [32m200[0m 720.764 ms - 530[0m
[0mPATCH /api/v1/carts/634a7f06e4953616bac4f099 [32m200[0m 737.236 ms - 645[0m
[0mPATCH /api/v1/carts/634a7f06e4953616bac4f099 [32m200[0m 4523.107 ms - 760[0m
[0mPATCH /api/v1/carts/634a7f06e4953616bac4f099 [31m500[0m 778.815 ms - 875[0m
[0mPATCH /api/v1/carts/634a7f06e4953616bac4f099 [32m200[0m 723.797 ms - 990[0m
[0mGET /api/v1/carts [32m200[0m 324.565 ms - 53[0m
[0mPOST /api/v1/carts [32m201[0m 686.320 ms - 340[0m
[0mGET /api/v1/carts [32m200[0m 358.851 ms - 353[0m
[0mPATCH /api/v1/carts/634a7f06e4953616bac4f099 [32m200[0m 728.502 ms - 415[0m
[0mPATCH /api/v1/carts/634a7f06e4953616bac4f099 [32m200[0m 795.783 ms - 530[0m
[0mPATCH /api/v1/carts/634a7f06e4953616bac4f099 [32m200[0m 731.556 ms - 645[0m
[0mPATCH /api/v1/carts/634a7f06e4953616bac4f099 [32m200[0m 665.416 ms - 760[0m
[0mGET /api/v1/carts [32m200[0m 409.239 ms - 813[0m
[0mPATCH /api/v1/carts/634a7f06e4953616bac4f099 [32m200[0m 936.939 ms - 875[0m
[0mGET /api/v1/carts [32m200[0m 320.117 ms - 53[0m
[0mPOST /api/v1/carts [32m201[0m 654.493 ms - 340[0m
[0mGET /api/v1/carts [32m200[0m 478.822 ms - 353[0m
[0mPATCH /api/v1/carts/634a7f06e4953616bac4f099 [32m200[0m 688.902 ms - 415[0m
[0mPOST /api/v1/carts [32m201[0m 780.597 ms - 340[0m
[0mPATCH /api/v1/carts/634a7f06e4953616bac4f099 [32m200[0m 630.342 ms - 415[0m
[0mGET /api/v1/carts [32m200[0m 311.062 ms - 53[0m
[0mPOST /api/v1/carts [32m201[0m 681.194 ms - 340[0m
[0mGET /api/v1/carts [32m200[0m 383.728 ms - 353[0m
[0mPATCH /api/v1/carts/634a7f06e4953616bac4f099 [32m200[0m 2357.157 ms - 415[0m
[0mPATCH /api/v1/carts/634a7f06e4953616bac4f099 [32m200[0m 773.824 ms - 530[0m
[0mGET /api/v1/carts [32m200[0m 324.077 ms - 53[0m
[0mPOST /api/v1/carts [31m500[0m 621.840 ms - 20[0m
[0mPOST /api/v1/carts [33m404[0m 332.702 ms - 47[0m
[0mPOST /api/v1/carts [33m404[0m 459.594 ms - 47[0m
[0mPOST /api/v1/carts [31m500[0m 526.369 ms - 20[0m
[0mPOST /api/v1/carts [33m404[0m 718.749 ms - 47[0m
[0mPOST /api/v1/carts [33m404[0m 799.668 ms - 47[0m
[0mPOST /api/v1/carts [33m404[0m 406.765 ms - 47[0m
[0mGET /api/v1/products [32m200[0m 175.217 ms - 221[0m
[0mPOST /api/v1/carts [33m404[0m 340.359 ms - 47[0m
[0mPOST /api/v1/carts [31m500[0m 259.375 ms - 20[0m
[0mPOST /api/v1/carts [31m500[0m 767.181 ms - 20[0m
[0mPOST /api/v1/carts [33m404[0m 586.704 ms - 31[0m
[0mPOST /api/v1/carts [0m-[0m - ms - -[0m
[0mPOST /api/v1/carts [33m404[0m 634.325 ms - 31[0m
[0mPOST /api/v1/carts [33m404[0m 559.686 ms - 31[0m
[0mPOST /api/v1/carts [33m404[0m 607.900 ms - 31[0m
[0mPOST /api/v1/carts [33m404[0m 997.634 ms - 31[0m
[0mPOST /api/v1/carts [0m-[0m - ms - -[0m
[0mPOST /api/v1/carts [33m404[0m 635.567 ms - 31[0m
[0mGET /api/v1/carts [32m200[0m 417.792 ms - 53[0m
[0mPOST /api/v1/carts [0m-[0m - ms - -[0m
[0mPOST /api/v1/carts [31m500[0m 431.842 ms - 20[0m
[0mPOST /api/v1/carts [33m404[0m 1383.424 ms - 31[0m
[0mPOST /api/v1/carts [33m404[0m 593.337 ms - 31[0m
[0mPOST /api/v1/carts [33m404[0m 737.686 ms - 31[0m
[0mPOST /api/v1/carts [33m404[0m 602.991 ms - 31[0m
[0mGET /api/v1/products/6347ef19dfe52c39eb69e5ca [32m200[0m 165.104 ms - 211[0m
[0mPOST /api/v1/carts [33m404[0m 490.179 ms - 31[0m
[0mPOST /api/v1/carts [0m-[0m - ms - -[0m
[0mPOST /api/v1/carts [32m201[0m 1230.358 ms - 339[0m
[0mPOST /api/v1/carts [32m200[0m 896.017 ms - 414[0m
[0mGET /api/v1/carts [32m200[0m 374.571 ms - 53[0m
[0mPOST /api/v1/carts [32m201[0m 781.495 ms - 339[0m
[0mPOST /api/v1/carts [33m404[0m 483.520 ms - 31[0m
[0mGET /api/v1/products/6347ef19dfe52c39eb69e5ca [32m200[0m 154.208 ms - 211[0m
[0mPOST /api/v1/carts [33m404[0m 388.581 ms - 31[0m
[0mPOST /api/v1/carts [33m404[0m 591.349 ms - 31[0m
